Settings:
	[GENERAL]                                                   
		path                           :	. 
		output_folder_name             :	NGSphy_output 
		ploidy                         :	1 (Haploid individuals)
		seed                           :	2548031302 
		numreplicates                  :	1 
		numlociperreplicate            :	1 
		filtered_replicates            :	1 
		simphy_data_prefix             :	ngsphydata_1 
		numindividualsperreplicate     :	2 
	[DATA]                                                      
		inputmode                      :	1 (Single gene tree)
		gene_tree_file                 :	tree.tree 
		indelible_control_file         :	control.txt 
	[COVERAGE]                                                  
		experiment                     :	f:100 
	[NGS-READS-ART]                                             
		fcov                           :	true (Fold of read coverage to be simulated or number of reads/read pairs generated for each amplicon)
		amp                            :	true 
		l                              :	100 
		m                              :	250 
		p                              :	true 
		q                              :	true 
		s                              :	50 
		sam                            :	true 
		ss                             :	HS20 
	[EXECUTION]                                                 
		environment                    :	bash 
		runart                         :	on 
		threads                        :	2 
		running_times                  :	0 
